This is pdfTeX, Version 3.1415926-2.5-1.40.14 (TeX Live 2013/MacPorts 2013_5) (format=pdflatex 2014.3.17)  18 MAR 2014 16:07
entering extended mode
 restricted \write18 enabled.
 file:line:error style messages enabled.
 %&-line parsing enabled.
**\nonstopmode \input /Users/ctrapnell/Dropbox/Projects/Single Cell/monocle/mon
ocle-repo/monocle/vignettes/monocle-vignette.tex

! Emergency stop.
<*> ...t /Users/ctrapnell/Dropbox/Projects/Single 
                                                  Cell/monocle/monocle-repo/...
*** (job aborted, file error in nonstop mode)

 
Here is how much of TeX's memory you used:
 4 strings out of 494227
 150 string characters out of 6157704
 48213 words of memory out of 5000000
 3388 multiletter control sequences out of 15000+600000
 3640 words of font info for 14 fonts, out of 8000000 for 9000
 430 hyphenation exceptions out of 8191
 4i,0n,3p,1b,8s stack positions out of 5000i,500n,10000p,200000b,80000s
!  ==> Fatal error occurred, no output PDF file produced!
